<?xml version="1.0" encoding="UTF-8"?>
<coverage generated="1567533652276" clover="3.2.0">
  <project timestamp="1567533652276" name="All files">
    <metrics statements="45" coveredstatements="35" conditionals="10" coveredconditionals="10" methods="15" coveredmethods="12" elements="70" coveredelements="57" complexity="0" loc="45" ncloc="45" packages="2" files="2" classes="2"/>
    <package name="business">
      <metrics statements="35" coveredstatements="27" conditionals="10" coveredconditionals="10" methods="14" coveredmethods="12"/>
      <file name="collectRatings.js" path="C:\Users\ygava\Desktop\channels-app\server\business\collectRatings.js">
        <metrics statements="35" coveredstatements="27" conditionals="10" coveredconditionals="10" methods="14" coveredmethods="12"/>
        <line num="1" count="1" type="stmt"/>
        <line num="3" count="1" type="stmt"/>
        <line num="5" count="0" type="stmt"/>
        <line num="6" count="0" type="stmt"/>
        <line num="8" count="0" type="stmt"/>
        <line num="10" count="0" type="stmt"/>
        <line num="13" count="16" type="stmt"/>
        <line num="15" count="1" type="stmt"/>
        <line num="16" count="16" type="stmt"/>
        <line num="17" count="16" type="cond" truecount="4" falsecount="0"/>
        <line num="18" count="12" type="stmt"/>
        <line num="21" count="16" type="stmt"/>
        <line num="22" count="16" type="cond" truecount="4" falsecount="0"/>
        <line num="23" count="4" type="stmt"/>
        <line num="24" count="6" type="stmt"/>
        <line num="27" count="16" type="stmt"/>
        <line num="28" count="16" type="stmt"/>
        <line num="31" count="10" type="stmt"/>
        <line num="33" count="1" type="stmt"/>
        <line num="34" count="1" type="stmt"/>
        <line num="35" count="5" type="cond" truecount="2" falsecount="0"/>
        <line num="36" count="5" type="stmt"/>
        <line num="42" count="1" type="stmt"/>
        <line num="43" count="1" type="stmt"/>
        <line num="44" count="1" type="stmt"/>
        <line num="45" count="5" type="stmt"/>
        <line num="46" count="5" type="stmt"/>
        <line num="51" count="1" type="stmt"/>
        <line num="54" count="9" type="stmt"/>
        <line num="56" count="1" type="stmt"/>
        <line num="57" count="0" type="stmt"/>
        <line num="58" count="0" type="stmt"/>
        <line num="59" count="0" type="stmt"/>
        <line num="60" count="0" type="stmt"/>
        <line num="63" count="1" type="stmt"/>
      </file>
    </package>
    <package name="models">
      <metrics statements="10" coveredstatements="8" conditionals="0" coveredconditionals="0" methods="1" coveredmethods="0"/>
      <file name="Channel.js" path="C:\Users\ygava\Desktop\channels-app\server\models\Channel.js">
        <metrics statements="10" coveredstatements="8" conditionals="0" coveredconditionals="0" methods="1" coveredmethods="0"/>
        <line num="1" count="1" type="stmt"/>
        <line num="3" count="1" type="stmt"/>
        <line num="4" count="1" type="stmt"/>
        <line num="5" count="1" type="stmt"/>
        <line num="7" count="1" type="stmt"/>
        <line num="18" count="1" type="stmt"/>
        <line num="19" count="0" type="stmt"/>
        <line num="20" count="0" type="stmt"/>
        <line num="23" count="1" type="stmt"/>
        <line num="25" count="1" type="stmt"/>
      </file>
    </package>
  </project>
</coverage>
