{"C:\\Users\\ygava\\Desktop\\channels-app\\server\\business\\collectRatings.js": {"path":"C:\\Users\\ygava\\Desktop\\channels-app\\server\\business\\collectRatings.js","statementMap":{"0":{"start":{"line":1,"column":16},"end":{"line":1,"column":44}},"1":{"start":{"line":3,"column":21},"end":{"line":11,"column":1}},"2":{"start":{"line":5,"column":2},"end":{"line":9,"column":3}},"3":{"start":{"line":6,"column":4},"end":{"line":6,"column":36}},"4":{"start":{"line":8,"column":4},"end":{"line":8,"column":52}},"5":{"start":{"line":10,"column":2},"end":{"line":10,"column":18}},"6":{"start":{"line":13,"column":26},"end":{"line":13,"column":77}},"7":{"start":{"line":13,"column":38},"end":{"line":13,"column":77}},"8":{"start":{"line":13,"column":62},"end":{"line":13,"column":76}},"9":{"start":{"line":15,"column":34},"end":{"line":29,"column":1}},"10":{"start":{"line":16,"column":16},"end":{"line":16,"column":18}},"11":{"start":{"line":17,"column":2},"end":{"line":19,"column":3}},"12":{"start":{"line":18,"column":4},"end":{"line":18,"column":67}},"13":{"start":{"line":21,"column":27},"end":{"line":21,"column":29}},"14":{"start":{"line":22,"column":2},"end":{"line":26,"column":3}},"15":{"start":{"line":23,"column":4},"end":{"line":25,"column":7}},"16":{"start":{"line":24,"column":6},"end":{"line":24,"column":93}},"17":{"start":{"line":27,"column":2},"end":{"line":27,"column":48}},"18":{"start":{"line":28,"column":2},"end":{"line":28,"column":17}},"19":{"start":{"line":31,"column":25},"end":{"line":31,"column":96}},"20":{"start":{"line":31,"column":36},"end":{"line":31,"column":96}},"21":{"start":{"line":31,"column":67},"end":{"line":31,"column":78}},"22":{"start":{"line":33,"column":40},"end":{"line":40,"column":4}},"23":{"start":{"line":34,"column":2},"end":{"line":40,"column":4}},"24":{"start":{"line":35,"column":26},"end":{"line":35,"column":88}},"25":{"start":{"line":36,"column":4},"end":{"line":39,"column":6}},"26":{"start":{"line":42,"column":31},"end":{"line":52,"column":1}},"27":{"start":{"line":43,"column":26},"end":{"line":43,"column":28}},"28":{"start":{"line":44,"column":2},"end":{"line":50,"column":5}},"29":{"start":{"line":45,"column":20},"end":{"line":45,"column":54}},"30":{"start":{"line":46,"column":4},"end":{"line":49,"column":7}},"31":{"start":{"line":51,"column":2},"end":{"line":51,"column":25}},"32":{"start":{"line":54,"column":29},"end":{"line":54,"column":99}},"33":{"start":{"line":54,"column":41},"end":{"line":54,"column":99}},"34":{"start":{"line":54,"column":65},"end":{"line":54,"column":98}},"35":{"start":{"line":56,"column":34},"end":{"line":61,"column":1}},"36":{"start":{"line":57,"column":19},"end":{"line":57,"column":39}},"37":{"start":{"line":58,"column":26},"end":{"line":58,"column":58}},"38":{"start":{"line":59,"column":33},"end":{"line":59,"column":81}},"39":{"start":{"line":60,"column":32},"end":{"line":60,"column":76}},"40":{"start":{"line":63,"column":0},"end":{"line":70,"column":2}}},"fnMap":{"0":{"name":"(anonymous_0)","decl":{"start":{"line":3,"column":21},"end":{"line":3,"column":22}},"loc":{"start":{"line":3,"column":33},"end":{"line":11,"column":1}},"line":3},"1":{"name":"(anonymous_1)","decl":{"start":{"line":13,"column":26},"end":{"line":13,"column":27}},"loc":{"start":{"line":13,"column":38},"end":{"line":13,"column":77}},"line":13},"2":{"name":"(anonymous_2)","decl":{"start":{"line":13,"column":51},"end":{"line":13,"column":52}},"loc":{"start":{"line":13,"column":62},"end":{"line":13,"column":76}},"line":13},"3":{"name":"(anonymous_3)","decl":{"start":{"line":15,"column":34},"end":{"line":15,"column":35}},"loc":{"start":{"line":15,"column":45},"end":{"line":29,"column":1}},"line":15},"4":{"name":"(anonymous_4)","decl":{"start":{"line":23,"column":32},"end":{"line":23,"column":33}},"loc":{"start":{"line":23,"column":46},"end":{"line":25,"column":5}},"line":23},"5":{"name":"(anonymous_5)","decl":{"start":{"line":31,"column":25},"end":{"line":31,"column":26}},"loc":{"start":{"line":31,"column":36},"end":{"line":31,"column":96}},"line":31},"6":{"name":"(anonymous_6)","decl":{"start":{"line":31,"column":51},"end":{"line":31,"column":52}},"loc":{"start":{"line":31,"column":67},"end":{"line":31,"column":78}},"line":31},"7":{"name":"(anonymous_7)","decl":{"start":{"line":33,"column":40},"end":{"line":33,"column":41}},"loc":{"start":{"line":34,"column":2},"end":{"line":40,"column":4}},"line":34},"8":{"name":"(anonymous_8)","decl":{"start":{"line":34,"column":22},"end":{"line":34,"column":23}},"loc":{"start":{"line":34,"column":33},"end":{"line":40,"column":3}},"line":34},"9":{"name":"(anonymous_9)","decl":{"start":{"line":42,"column":31},"end":{"line":42,"column":32}},"loc":{"start":{"line":42,"column":43},"end":{"line":52,"column":1}},"line":42},"10":{"name":"(anonymous_10)","decl":{"start":{"line":44,"column":19},"end":{"line":44,"column":20}},"loc":{"start":{"line":44,"column":30},"end":{"line":50,"column":3}},"line":44},"11":{"name":"(anonymous_11)","decl":{"start":{"line":54,"column":29},"end":{"line":54,"column":30}},"loc":{"start":{"line":54,"column":41},"end":{"line":54,"column":99}},"line":54},"12":{"name":"(anonymous_12)","decl":{"start":{"line":54,"column":55},"end":{"line":54,"column":56}},"loc":{"start":{"line":54,"column":65},"end":{"line":54,"column":98}},"line":54},"13":{"name":"(anonymous_13)","decl":{"start":{"line":56,"column":34},"end":{"line":56,"column":35}},"loc":{"start":{"line":56,"column":46},"end":{"line":61,"column":1}},"line":56}},"branchMap":{"0":{"loc":{"start":{"line":17,"column":2},"end":{"line":19,"column":3}},"type":"if","locations":[{"start":{"line":17,"column":2},"end":{"line":19,"column":3}},{"start":{"line":17,"column":2},"end":{"line":19,"column":3}}],"line":17},"1":{"loc":{"start":{"line":17,"column":6},"end":{"line":17,"column":49}},"type":"binary-expr","locations":[{"start":{"line":17,"column":6},"end":{"line":17,"column":22}},{"start":{"line":17,"column":26},"end":{"line":17,"column":49}}],"line":17},"2":{"loc":{"start":{"line":22,"column":2},"end":{"line":26,"column":3}},"type":"if","locations":[{"start":{"line":22,"column":2},"end":{"line":26,"column":3}},{"start":{"line":22,"column":2},"end":{"line":26,"column":3}}],"line":22},"3":{"loc":{"start":{"line":22,"column":6},"end":{"line":22,"column":55}},"type":"binary-expr","locations":[{"start":{"line":22,"column":6},"end":{"line":22,"column":25}},{"start":{"line":22,"column":29},"end":{"line":22,"column":55}}],"line":22},"4":{"loc":{"start":{"line":35,"column":26},"end":{"line":35,"column":88}},"type":"cond-expr","locations":[{"start":{"line":35,"column":51},"end":{"line":35,"column":84}},{"start":{"line":35,"column":87},"end":{"line":35,"column":88}}],"line":35}},"s":{"0":1,"1":1,"2":0,"3":0,"4":0,"5":0,"6":1,"7":12,"8":16,"9":1,"10":16,"11":16,"12":12,"13":16,"14":16,"15":4,"16":6,"17":16,"18":16,"19":1,"20":9,"21":10,"22":1,"23":1,"24":5,"25":5,"26":1,"27":1,"28":1,"29":5,"30":5,"31":1,"32":1,"33":1,"34":9,"35":1,"36":0,"37":0,"38":0,"39":0,"40":1},"f":{"0":0,"1":12,"2":16,"3":16,"4":6,"5":9,"6":10,"7":1,"8":5,"9":1,"10":5,"11":1,"12":9,"13":0},"b":{"0":[12,4],"1":[16,14],"2":[4,12],"3":[16,16],"4":[4,1]},"_coverageSchema":"43e27e138ebf9cfc5966b082cf9a028302ed4184","hash":"63644d4586bbbf7a53679ebd7b1168787193b042"}
,"C:\\Users\\ygava\\Desktop\\channels-app\\server\\models\\Channel.js": {"path":"C:\\Users\\ygava\\Desktop\\channels-app\\server\\models\\Channel.js","statementMap":{"0":{"start":{"line":1,"column":17},"end":{"line":1,"column":36}},"1":{"start":{"line":3,"column":19},"end":{"line":3,"column":27}},"2":{"start":{"line":4,"column":21},"end":{"line":4,"column":33}},"3":{"start":{"line":5,"column":19},"end":{"line":5,"column":29}},"4":{"start":{"line":7,"column":22},"end":{"line":16,"column":1}},"5":{"start":{"line":18,"column":21},"end":{"line":21,"column":1}},"6":{"start":{"line":19,"column":2},"end":{"line":19,"column":52}},"7":{"start":{"line":20,"column":2},"end":{"line":20,"column":9}},"8":{"start":{"line":23,"column":0},"end":{"line":23,"column":69}},"9":{"start":{"line":25,"column":0},"end":{"line":25,"column":58}}},"fnMap":{"0":{"name":"(anonymous_0)","decl":{"start":{"line":18,"column":21},"end":{"line":18,"column":22}},"loc":{"start":{"line":18,"column":36},"end":{"line":21,"column":1}},"line":18}},"branchMap":{},"s":{"0":1,"1":1,"2":1,"3":1,"4":1,"5":1,"6":0,"7":0,"8":1,"9":1},"f":{"0":0},"b":{},"_coverageSchema":"43e27e138ebf9cfc5966b082cf9a028302ed4184","hash":"de1a5bd422d5357b0e59cfd0b867cc2eebb87b1e"}
}
