TN:
SF:C:\Users\ygava\Desktop\channels-app\server\business\collectRatings.js
FN:3,(anonymous_0)
FN:13,(anonymous_1)
FN:13,(anonymous_2)
FN:15,(anonymous_3)
FN:23,(anonymous_4)
FN:31,(anonymous_5)
FN:31,(anonymous_6)
FN:33,(anonymous_7)
FN:34,(anonymous_8)
FN:42,(anonymous_9)
FN:44,(anonymous_10)
FN:54,(anonymous_11)
FN:54,(anonymous_12)
FN:56,(anonymous_13)
FNF:14
FNH:12
FNDA:0,(anonymous_0)
FNDA:12,(anonymous_1)
FNDA:16,(anonymous_2)
FNDA:16,(anonymous_3)
FNDA:6,(anonymous_4)
FNDA:9,(anonymous_5)
FNDA:10,(anonymous_6)
FNDA:1,(anonymous_7)
FNDA:5,(anonymous_8)
FNDA:1,(anonymous_9)
FNDA:5,(anonymous_10)
FNDA:1,(anonymous_11)
FNDA:9,(anonymous_12)
FNDA:0,(anonymous_13)
DA:1,1
DA:3,1
DA:5,0
DA:6,0
DA:8,0
DA:10,0
DA:13,16
DA:15,1
DA:16,16
DA:17,16
DA:18,12
DA:21,16
DA:22,16
DA:23,4
DA:24,6
DA:27,16
DA:28,16
DA:31,10
DA:33,1
DA:34,1
DA:35,5
DA:36,5
DA:42,1
DA:43,1
DA:44,1
DA:45,5
DA:46,5
DA:51,1
DA:54,9
DA:56,1
DA:57,0
DA:58,0
DA:59,0
DA:60,0
DA:63,1
LF:35
LH:27
BRDA:17,0,0,12
BRDA:17,0,1,4
BRDA:17,1,0,16
BRDA:17,1,1,14
BRDA:22,2,0,4
BRDA:22,2,1,12
BRDA:22,3,0,16
BRDA:22,3,1,16
BRDA:35,4,0,4
BRDA:35,4,1,1
BRF:10
BRH:10
end_of_record
TN:
SF:C:\Users\ygava\Desktop\channels-app\server\models\Channel.js
FN:18,(anonymous_0)
FNF:1
FNH:0
FNDA:0,(anonymous_0)
DA:1,1
DA:3,1
DA:4,1
DA:5,1
DA:7,1
DA:18,1
DA:19,0
DA:20,0
DA:23,1
DA:25,1
LF:10
LH:8
BRF:0
BRH:0
end_of_record
